<?xml version="1.0" encoding="UTF-8"?>
<!-- Generated by org.testng.reporters.JUnitXMLReporter -->
<testsuite ignored="0" hostname="INHYLTVENUTHOTA" failures="0" tests="4" name="Default test" time="76.912" errors="0" timestamp="2022-08-08T10:14:12 IST">
  <testcase classname="testcases.Location_Management" name="TC_01_CreateLocation_as_PP_Operator_and_DefaultRates" time="17.941"/>
  <testcase classname="testcases.Location_Management" name="TC_02_CreateLocation_as_PP_Operator_and_EVRates" time="17.471"/>
  <testcase classname="testcases.Location_Management" name="TC_03_CreateLocation_as_Other_Operator_and_DefaultRates" time="17.892"/>
  <testcase classname="testcases.Location_Management" name="TC_04_CreateLocation_as_Other_Operator_and_EVRates" time="15.542"/>
</testsuite> <!-- Default test -->
