<?xml version="1.0" encoding="UTF-8"?>
<testng-results ignored="0" total="4" passed="4" failed="0" skipped="0">
  <reporter-output>
  </reporter-output>
  <suite started-at="2022-08-08T10:12:55 IST" name="Default suite" finished-at="2022-08-08T10:14:12 IST" duration-ms="76912">
    <groups>
    </groups>
    <test started-at="2022-08-08T10:12:55 IST" name="Default test" finished-at="2022-08-08T10:14:12 IST" duration-ms="76912">
      <class name="testcases.Location_Management">
        <test-method is-config="true" signature="startTest()[pri:0, instance:testcases.Location_Management@62010f5c]" started-at="2022-08-08T10:12:55 IST" name="startTest" finished-at="2022-08-08T10:12:55 IST" duration-ms="77" status="PASS">
          <reporter-output>
          </reporter-output>
        </test-method> <!-- startTest -->
        <test-method is-config="true" signature="launchBrowser(java.lang.reflect.Method)[pri:0, instance:testcases.Location_Management@62010f5c]" started-at="2022-08-08T10:12:55 IST" name="launchBrowser" finished-at="2022-08-08T10:12:57 IST" duration-ms="2181" status="PASS">
          <params>
            <param index="0">
              <value>
                <![CDATA[public void testcases.Location_Management.TC_01_CreateLocation_as_PP_Operator_and_DefaultRates()]]>
              </value>
            </param>
          </params>
          <reporter-output>
          </reporter-output>
        </test-method> <!-- launchBrowser -->
        <test-method signature="TC_01_CreateLocation_as_PP_Operator_and_DefaultRates()[pri:0, instance:testcases.Location_Management@62010f5c]" started-at="2022-08-08T10:12:57 IST" name="TC_01_CreateLocation_as_PP_Operator_and_DefaultRates" finished-at="2022-08-08T10:13:15 IST" duration-ms="17941" status="PASS">
          <reporter-output>
          </reporter-output>
        </test-method> <!-- TC_01_CreateLocation_as_PP_Operator_and_DefaultRates -->
        <test-method is-config="true" signature="quitBrowser()[pri:0, instance:testcases.Location_Management@62010f5c]" started-at="2022-08-08T10:13:15 IST" name="quitBrowser" finished-at="2022-08-08T10:13:15 IST" duration-ms="133" status="PASS">
          <reporter-output>
          </reporter-output>
        </test-method> <!-- quitBrowser -->
        <test-method is-config="true" signature="getResult(org.testng.ITestResult)[pri:0, instance:testcases.Location_Management@62010f5c]" started-at="2022-08-08T10:13:15 IST" name="getResult" finished-at="2022-08-08T10:13:15 IST" duration-ms="0" status="PASS">
          <params>
            <param index="0">
              <value>
                <![CDATA[[TestResult name=TC_01_CreateLocation_as_PP_Operator_and_DefaultRates status=SUCCESS method=Location_Management.TC_01_CreateLocation_as_PP_Operator_and_DefaultRates()[pri:0, instance:testcases.Location_Management@62010f5c] output={null}]]]>
              </value>
            </param>
          </params>
          <reporter-output>
          </reporter-output>
        </test-method> <!-- getResult -->
        <test-method is-config="true" signature="endTest()[pri:0, instance:testcases.Location_Management@62010f5c]" started-at="2022-08-08T10:13:15 IST" name="endTest" finished-at="2022-08-08T10:13:16 IST" duration-ms="201" status="PASS">
          <reporter-output>
          </reporter-output>
        </test-method> <!-- endTest -->
        <test-method is-config="true" signature="launchBrowser(java.lang.reflect.Method)[pri:0, instance:testcases.Location_Management@62010f5c]" started-at="2022-08-08T10:13:16 IST" name="launchBrowser" finished-at="2022-08-08T10:13:17 IST" duration-ms="1671" status="PASS">
          <params>
            <param index="0">
              <value>
                <![CDATA[public void testcases.Location_Management.TC_02_CreateLocation_as_PP_Operator_and_EVRates()]]>
              </value>
            </param>
          </params>
          <reporter-output>
          </reporter-output>
        </test-method> <!-- launchBrowser -->
        <test-method signature="TC_02_CreateLocation_as_PP_Operator_and_EVRates()[pri:0, instance:testcases.Location_Management@62010f5c]" started-at="2022-08-08T10:13:17 IST" name="TC_02_CreateLocation_as_PP_Operator_and_EVRates" finished-at="2022-08-08T10:13:35 IST" duration-ms="17471" status="PASS">
          <reporter-output>
          </reporter-output>
        </test-method> <!-- TC_02_CreateLocation_as_PP_Operator_and_EVRates -->
        <test-method is-config="true" signature="quitBrowser()[pri:0, instance:testcases.Location_Management@62010f5c]" started-at="2022-08-08T10:13:35 IST" name="quitBrowser" finished-at="2022-08-08T10:13:35 IST" duration-ms="124" status="PASS">
          <reporter-output>
          </reporter-output>
        </test-method> <!-- quitBrowser -->
        <test-method is-config="true" signature="getResult(org.testng.ITestResult)[pri:0, instance:testcases.Location_Management@62010f5c]" started-at="2022-08-08T10:13:35 IST" name="getResult" finished-at="2022-08-08T10:13:35 IST" duration-ms="0" status="PASS">
          <params>
            <param index="0">
              <value>
                <![CDATA[[TestResult name=TC_02_CreateLocation_as_PP_Operator_and_EVRates status=SUCCESS method=Location_Management.TC_02_CreateLocation_as_PP_Operator_and_EVRates()[pri:0, instance:testcases.Location_Management@62010f5c] output={null}]]]>
              </value>
            </param>
          </params>
          <reporter-output>
          </reporter-output>
        </test-method> <!-- getResult -->
        <test-method is-config="true" signature="endTest()[pri:0, instance:testcases.Location_Management@62010f5c]" started-at="2022-08-08T10:13:35 IST" name="endTest" finished-at="2022-08-08T10:13:35 IST" duration-ms="38" status="PASS">
          <reporter-output>
          </reporter-output>
        </test-method> <!-- endTest -->
        <test-method is-config="true" signature="launchBrowser(java.lang.reflect.Method)[pri:0, instance:testcases.Location_Management@62010f5c]" started-at="2022-08-08T10:13:35 IST" name="launchBrowser" finished-at="2022-08-08T10:13:37 IST" duration-ms="1650" status="PASS">
          <params>
            <param index="0">
              <value>
                <![CDATA[public void testcases.Location_Management.TC_03_CreateLocation_as_Other_Operator_and_DefaultRates()]]>
              </value>
            </param>
          </params>
          <reporter-output>
          </reporter-output>
        </test-method> <!-- launchBrowser -->
        <test-method signature="TC_03_CreateLocation_as_Other_Operator_and_DefaultRates()[pri:0, instance:testcases.Location_Management@62010f5c]" started-at="2022-08-08T10:13:37 IST" name="TC_03_CreateLocation_as_Other_Operator_and_DefaultRates" finished-at="2022-08-08T10:13:54 IST" duration-ms="17892" status="PASS">
          <reporter-output>
          </reporter-output>
        </test-method> <!-- TC_03_CreateLocation_as_Other_Operator_and_DefaultRates -->
        <test-method is-config="true" signature="getResult(org.testng.ITestResult)[pri:0, instance:testcases.Location_Management@62010f5c]" started-at="2022-08-08T10:13:54 IST" name="getResult" finished-at="2022-08-08T10:13:54 IST" duration-ms="0" status="PASS">
          <params>
            <param index="0">
              <value>
                <![CDATA[[TestResult name=TC_03_CreateLocation_as_Other_Operator_and_DefaultRates status=SUCCESS method=Location_Management.TC_03_CreateLocation_as_Other_Operator_and_DefaultRates()[pri:0, instance:testcases.Location_Management@62010f5c] output={null}]]]>
              </value>
            </param>
          </params>
          <reporter-output>
          </reporter-output>
        </test-method> <!-- getResult -->
        <test-method is-config="true" signature="quitBrowser()[pri:0, instance:testcases.Location_Management@62010f5c]" started-at="2022-08-08T10:13:54 IST" name="quitBrowser" finished-at="2022-08-08T10:13:55 IST" duration-ms="164" status="PASS">
          <reporter-output>
          </reporter-output>
        </test-method> <!-- quitBrowser -->
        <test-method is-config="true" signature="endTest()[pri:0, instance:testcases.Location_Management@62010f5c]" started-at="2022-08-08T10:13:55 IST" name="endTest" finished-at="2022-08-08T10:13:55 IST" duration-ms="28" status="PASS">
          <reporter-output>
          </reporter-output>
        </test-method> <!-- endTest -->
        <test-method is-config="true" signature="launchBrowser(java.lang.reflect.Method)[pri:0, instance:testcases.Location_Management@62010f5c]" started-at="2022-08-08T10:13:55 IST" name="launchBrowser" finished-at="2022-08-08T10:13:56 IST" duration-ms="1650" status="PASS">
          <params>
            <param index="0">
              <value>
                <![CDATA[public void testcases.Location_Management.TC_04_CreateLocation_as_Other_Operator_and_EVRates()]]>
              </value>
            </param>
          </params>
          <reporter-output>
          </reporter-output>
        </test-method> <!-- launchBrowser -->
        <test-method signature="TC_04_CreateLocation_as_Other_Operator_and_EVRates()[pri:0, instance:testcases.Location_Management@62010f5c]" started-at="2022-08-08T10:13:56 IST" name="TC_04_CreateLocation_as_Other_Operator_and_EVRates" finished-at="2022-08-08T10:14:12 IST" duration-ms="15542" status="PASS">
          <reporter-output>
          </reporter-output>
        </test-method> <!-- TC_04_CreateLocation_as_Other_Operator_and_EVRates -->
        <test-method is-config="true" signature="getResult(org.testng.ITestResult)[pri:0, instance:testcases.Location_Management@62010f5c]" started-at="2022-08-08T10:14:12 IST" name="getResult" finished-at="2022-08-08T10:14:12 IST" duration-ms="1" status="PASS">
          <params>
            <param index="0">
              <value>
                <![CDATA[[TestResult name=TC_04_CreateLocation_as_Other_Operator_and_EVRates status=SUCCESS method=Location_Management.TC_04_CreateLocation_as_Other_Operator_and_EVRates()[pri:0, instance:testcases.Location_Management@62010f5c] output={null}]]]>
              </value>
            </param>
          </params>
          <reporter-output>
          </reporter-output>
        </test-method> <!-- getResult -->
        <test-method is-config="true" signature="quitBrowser()[pri:0, instance:testcases.Location_Management@62010f5c]" started-at="2022-08-08T10:14:12 IST" name="quitBrowser" finished-at="2022-08-08T10:14:12 IST" duration-ms="170" status="PASS">
          <reporter-output>
          </reporter-output>
        </test-method> <!-- quitBrowser -->
        <test-method is-config="true" signature="endTest()[pri:0, instance:testcases.Location_Management@62010f5c]" started-at="2022-08-08T10:14:12 IST" name="endTest" finished-at="2022-08-08T10:14:12 IST" duration-ms="26" status="PASS">
          <reporter-output>
          </reporter-output>
        </test-method> <!-- endTest -->
      </class> <!-- testcases.Location_Management -->
    </test> <!-- Default test -->
  </suite> <!-- Default suite -->
</testng-results>
