<?xml version="1.0" encoding="UTF-8"?>
<testng-results ignored="0" total="8" passed="6" failed="2" skipped="0">
  <reporter-output>
  </reporter-output>
  <suite started-at="2022-08-16T10:19:41 IST" name="Default suite" finished-at="2022-08-16T10:21:53 IST" duration-ms="132519">
    <groups>
    </groups>
    <test started-at="2022-08-16T10:19:41 IST" name="Default test" finished-at="2022-08-16T10:21:53 IST" duration-ms="132519">
      <class name="testcases.Location_Management">
        <test-method is-config="true" signature="startTest()[pri:0, instance:testcases.Location_Management@132e0cc]" started-at="2022-08-16T10:19:41 IST" name="startTest" finished-at="2022-08-16T10:19:41 IST" duration-ms="83" status="PASS">
          <reporter-output>
          </reporter-output>
        </test-method> <!-- startTest -->
        <test-method is-config="true" signature="launchBrowser(java.lang.reflect.Method)[pri:0, instance:testcases.Location_Management@132e0cc]" started-at="2022-08-16T10:19:41 IST" name="launchBrowser" finished-at="2022-08-16T10:19:44 IST" duration-ms="3333" status="PASS">
          <params>
            <param index="0">
              <value>
                <![CDATA[public void testcases.Location_Management.TC_01_CreateLocation_as_PP_Operator_and_DefaultRates()]]>
              </value>
            </param>
          </params>
          <reporter-output>
          </reporter-output>
        </test-method> <!-- launchBrowser -->
        <test-method signature="TC_01_CreateLocation_as_PP_Operator_and_DefaultRates()[pri:0, instance:testcases.Location_Management@132e0cc]" started-at="2022-08-16T10:19:44 IST" name="TC_01_CreateLocation_as_PP_Operator_and_DefaultRates" finished-at="2022-08-16T10:20:01 IST" duration-ms="16619" status="PASS">
          <reporter-output>
          </reporter-output>
        </test-method> <!-- TC_01_CreateLocation_as_PP_Operator_and_DefaultRates -->
        <test-method is-config="true" signature="getResult(org.testng.ITestResult)[pri:0, instance:testcases.Location_Management@132e0cc]" started-at="2022-08-16T10:20:01 IST" name="getResult" finished-at="2022-08-16T10:20:01 IST" duration-ms="0" status="PASS">
          <params>
            <param index="0">
              <value>
                <![CDATA[[TestResult name=TC_01_CreateLocation_as_PP_Operator_and_DefaultRates status=SUCCESS method=Location_Management.TC_01_CreateLocation_as_PP_Operator_and_DefaultRates()[pri:0, instance:testcases.Location_Management@132e0cc] output={null}]]]>
              </value>
            </param>
          </params>
          <reporter-output>
          </reporter-output>
        </test-method> <!-- getResult -->
        <test-method is-config="true" signature="quitBrowser()[pri:0, instance:testcases.Location_Management@132e0cc]" started-at="2022-08-16T10:20:01 IST" name="quitBrowser" finished-at="2022-08-16T10:20:01 IST" duration-ms="182" status="PASS">
          <reporter-output>
          </reporter-output>
        </test-method> <!-- quitBrowser -->
        <test-method is-config="true" signature="endTest()[pri:0, instance:testcases.Location_Management@132e0cc]" started-at="2022-08-16T10:20:01 IST" name="endTest" finished-at="2022-08-16T10:20:01 IST" duration-ms="196" status="PASS">
          <reporter-output>
          </reporter-output>
        </test-method> <!-- endTest -->
        <test-method is-config="true" signature="launchBrowser(java.lang.reflect.Method)[pri:0, instance:testcases.Location_Management@132e0cc]" started-at="2022-08-16T10:20:01 IST" name="launchBrowser" finished-at="2022-08-16T10:20:03 IST" duration-ms="1817" status="PASS">
          <params>
            <param index="0">
              <value>
                <![CDATA[public void testcases.Location_Management.TC_02_CreateLocation_as_PP_Operator_and_EVRates()]]>
              </value>
            </param>
          </params>
          <reporter-output>
          </reporter-output>
        </test-method> <!-- launchBrowser -->
        <test-method signature="TC_02_CreateLocation_as_PP_Operator_and_EVRates()[pri:0, instance:testcases.Location_Management@132e0cc]" started-at="2022-08-16T10:20:03 IST" name="TC_02_CreateLocation_as_PP_Operator_and_EVRates" finished-at="2022-08-16T10:20:19 IST" duration-ms="15823" status="PASS">
          <reporter-output>
          </reporter-output>
        </test-method> <!-- TC_02_CreateLocation_as_PP_Operator_and_EVRates -->
        <test-method is-config="true" signature="quitBrowser()[pri:0, instance:testcases.Location_Management@132e0cc]" started-at="2022-08-16T10:20:19 IST" name="quitBrowser" finished-at="2022-08-16T10:20:19 IST" duration-ms="174" status="PASS">
          <reporter-output>
          </reporter-output>
        </test-method> <!-- quitBrowser -->
        <test-method is-config="true" signature="getResult(org.testng.ITestResult)[pri:0, instance:testcases.Location_Management@132e0cc]" started-at="2022-08-16T10:20:19 IST" name="getResult" finished-at="2022-08-16T10:20:19 IST" duration-ms="0" status="PASS">
          <params>
            <param index="0">
              <value>
                <![CDATA[[TestResult name=TC_02_CreateLocation_as_PP_Operator_and_EVRates status=SUCCESS method=Location_Management.TC_02_CreateLocation_as_PP_Operator_and_EVRates()[pri:0, instance:testcases.Location_Management@132e0cc] output={null}]]]>
              </value>
            </param>
          </params>
          <reporter-output>
          </reporter-output>
        </test-method> <!-- getResult -->
        <test-method is-config="true" signature="endTest()[pri:0, instance:testcases.Location_Management@132e0cc]" started-at="2022-08-16T10:20:19 IST" name="endTest" finished-at="2022-08-16T10:20:19 IST" duration-ms="27" status="PASS">
          <reporter-output>
          </reporter-output>
        </test-method> <!-- endTest -->
        <test-method is-config="true" signature="launchBrowser(java.lang.reflect.Method)[pri:0, instance:testcases.Location_Management@132e0cc]" started-at="2022-08-16T10:20:19 IST" name="launchBrowser" finished-at="2022-08-16T10:20:21 IST" duration-ms="1803" status="PASS">
          <params>
            <param index="0">
              <value>
                <![CDATA[public void testcases.Location_Management.TC_03_CreateLocation_as_Other_Operator_and_DefaultRates()]]>
              </value>
            </param>
          </params>
          <reporter-output>
          </reporter-output>
        </test-method> <!-- launchBrowser -->
        <test-method signature="TC_03_CreateLocation_as_Other_Operator_and_DefaultRates()[pri:0, instance:testcases.Location_Management@132e0cc]" started-at="2022-08-16T10:20:21 IST" name="TC_03_CreateLocation_as_Other_Operator_and_DefaultRates" finished-at="2022-08-16T10:20:31 IST" duration-ms="10028" status="FAIL">
          <exception class="java.lang.AssertionError">
            <message>
              <![CDATA[expected [C Number] but found [P Number]]]>
            </message>
            <full-stacktrace>
              <![CDATA[java.lang.AssertionError: expected [C Number] but found [P Number]
at org.testng.Assert.fail(Assert.java:99)
at org.testng.Assert.failNotEquals(Assert.java:1037)
at org.testng.Assert.assertEqualsImpl(Assert.java:140)
at org.testng.Assert.assertEquals(Assert.java:122)
at org.testng.Assert.assertEquals(Assert.java:629)
at org.testng.Assert.assertEquals(Assert.java:639)
at pageObjects.LocationManagementPage.EnterPNumber(LocationManagementPage.java:99)
at pageObjects.LocationManagementPage.createLocation(LocationManagementPage.java:125)
at testcases.Location_Management.TC_03_CreateLocation_as_Other_Operator_and_DefaultRates(Location_Management.java:39)
at java.base/jdk.internal.reflect.NativeMethodAccessorImpl.invoke0(Native Method)
at java.base/jdk.internal.reflect.NativeMethodAccessorImpl.invoke(NativeMethodAccessorImpl.java:77)
at java.base/jdk.internal.reflect.DelegatingMethodAccessorImpl.invoke(DelegatingMethodAccessorImpl.java:43)
at java.base/java.lang.reflect.Method.invoke(Method.java:568)
at org.testng.internal.MethodInvocationHelper.invokeMethod(MethodInvocationHelper.java:133)
at org.testng.internal.TestInvoker.invokeMethod(TestInvoker.java:598)
at org.testng.internal.TestInvoker.invokeTestMethod(TestInvoker.java:173)
at org.testng.internal.MethodRunner.runInSequence(MethodRunner.java:46)
at org.testng.internal.TestInvoker$MethodInvocationAgent.invoke(TestInvoker.java:824)
at org.testng.internal.TestInvoker.invokeTestMethods(TestInvoker.java:146)
at org.testng.internal.TestMethodWorker.invokeTestMethods(TestMethodWorker.java:146)
at org.testng.internal.TestMethodWorker.run(TestMethodWorker.java:128)
at java.base/java.util.ArrayList.forEach(ArrayList.java:1511)
at org.testng.TestRunner.privateRun(TestRunner.java:794)
at org.testng.TestRunner.run(TestRunner.java:596)
at org.testng.SuiteRunner.runTest(SuiteRunner.java:377)
at org.testng.SuiteRunner.runSequentially(SuiteRunner.java:371)
at org.testng.SuiteRunner.privateRun(SuiteRunner.java:332)
at org.testng.SuiteRunner.run(SuiteRunner.java:276)
at org.testng.SuiteRunnerWorker.runSuite(SuiteRunnerWorker.java:53)
at org.testng.SuiteRunnerWorker.run(SuiteRunnerWorker.java:96)
at org.testng.TestNG.runSuitesSequentially(TestNG.java:1212)
at org.testng.TestNG.runSuitesLocally(TestNG.java:1134)
at org.testng.TestNG.runSuites(TestNG.java:1063)
at org.testng.TestNG.run(TestNG.java:1031)
at org.testng.remote.AbstractRemoteTestNG.run(AbstractRemoteTestNG.java:115)
at org.testng.remote.RemoteTestNG.initAndRun(RemoteTestNG.java:251)
at org.testng.remote.RemoteTestNG.main(RemoteTestNG.java:77)
]]>
            </full-stacktrace>
          </exception> <!-- java.lang.AssertionError -->
          <reporter-output>
          </reporter-output>
        </test-method> <!-- TC_03_CreateLocation_as_Other_Operator_and_DefaultRates -->
        <test-method is-config="true" signature="getResult(org.testng.ITestResult)[pri:0, instance:testcases.Location_Management@132e0cc]" started-at="2022-08-16T10:20:31 IST" name="getResult" finished-at="2022-08-16T10:20:31 IST" duration-ms="192" status="PASS">
          <params>
            <param index="0">
              <value>
                <![CDATA[[TestResult name=TC_03_CreateLocation_as_Other_Operator_and_DefaultRates status=FAILURE method=Location_Management.TC_03_CreateLocation_as_Other_Operator_and_DefaultRates()[pri:0, instance:testcases.Location_Management@132e0cc] output={null}]]]>
              </value>
            </param>
          </params>
          <reporter-output>
          </reporter-output>
        </test-method> <!-- getResult -->
        <test-method is-config="true" signature="quitBrowser()[pri:0, instance:testcases.Location_Management@132e0cc]" started-at="2022-08-16T10:20:31 IST" name="quitBrowser" finished-at="2022-08-16T10:20:31 IST" duration-ms="151" status="PASS">
          <reporter-output>
          </reporter-output>
        </test-method> <!-- quitBrowser -->
        <test-method is-config="true" signature="endTest()[pri:0, instance:testcases.Location_Management@132e0cc]" started-at="2022-08-16T10:20:31 IST" name="endTest" finished-at="2022-08-16T10:20:31 IST" duration-ms="31" status="PASS">
          <reporter-output>
          </reporter-output>
        </test-method> <!-- endTest -->
        <test-method is-config="true" signature="launchBrowser(java.lang.reflect.Method)[pri:0, instance:testcases.Location_Management@132e0cc]" started-at="2022-08-16T10:20:31 IST" name="launchBrowser" finished-at="2022-08-16T10:20:33 IST" duration-ms="1832" status="PASS">
          <params>
            <param index="0">
              <value>
                <![CDATA[public void testcases.Location_Management.TC_04_CreateLocation_as_Other_Operator_and_EVRates()]]>
              </value>
            </param>
          </params>
          <reporter-output>
          </reporter-output>
        </test-method> <!-- launchBrowser -->
        <test-method signature="TC_04_CreateLocation_as_Other_Operator_and_EVRates()[pri:0, instance:testcases.Location_Management@132e0cc]" started-at="2022-08-16T10:20:33 IST" name="TC_04_CreateLocation_as_Other_Operator_and_EVRates" finished-at="2022-08-16T10:20:43 IST" duration-ms="9991" status="FAIL">
          <exception class="java.lang.AssertionError">
            <message>
              <![CDATA[expected [C Number] but found [P Number]]]>
            </message>
            <full-stacktrace>
              <![CDATA[java.lang.AssertionError: expected [C Number] but found [P Number]
at org.testng.Assert.fail(Assert.java:99)
at org.testng.Assert.failNotEquals(Assert.java:1037)
at org.testng.Assert.assertEqualsImpl(Assert.java:140)
at org.testng.Assert.assertEquals(Assert.java:122)
at org.testng.Assert.assertEquals(Assert.java:629)
at org.testng.Assert.assertEquals(Assert.java:639)
at pageObjects.LocationManagementPage.EnterPNumber(LocationManagementPage.java:99)
at pageObjects.LocationManagementPage.createLocation(LocationManagementPage.java:125)
at testcases.Location_Management.TC_04_CreateLocation_as_Other_Operator_and_EVRates(Location_Management.java:48)
at java.base/jdk.internal.reflect.NativeMethodAccessorImpl.invoke0(Native Method)
at java.base/jdk.internal.reflect.NativeMethodAccessorImpl.invoke(NativeMethodAccessorImpl.java:77)
at java.base/jdk.internal.reflect.DelegatingMethodAccessorImpl.invoke(DelegatingMethodAccessorImpl.java:43)
at java.base/java.lang.reflect.Method.invoke(Method.java:568)
at org.testng.internal.MethodInvocationHelper.invokeMethod(MethodInvocationHelper.java:133)
at org.testng.internal.TestInvoker.invokeMethod(TestInvoker.java:598)
at org.testng.internal.TestInvoker.invokeTestMethod(TestInvoker.java:173)
at org.testng.internal.MethodRunner.runInSequence(MethodRunner.java:46)
at org.testng.internal.TestInvoker$MethodInvocationAgent.invoke(TestInvoker.java:824)
at org.testng.internal.TestInvoker.invokeTestMethods(TestInvoker.java:146)
at org.testng.internal.TestMethodWorker.invokeTestMethods(TestMethodWorker.java:146)
at org.testng.internal.TestMethodWorker.run(TestMethodWorker.java:128)
at java.base/java.util.ArrayList.forEach(ArrayList.java:1511)
at org.testng.TestRunner.privateRun(TestRunner.java:794)
at org.testng.TestRunner.run(TestRunner.java:596)
at org.testng.SuiteRunner.runTest(SuiteRunner.java:377)
at org.testng.SuiteRunner.runSequentially(SuiteRunner.java:371)
at org.testng.SuiteRunner.privateRun(SuiteRunner.java:332)
at org.testng.SuiteRunner.run(SuiteRunner.java:276)
at org.testng.SuiteRunnerWorker.runSuite(SuiteRunnerWorker.java:53)
at org.testng.SuiteRunnerWorker.run(SuiteRunnerWorker.java:96)
at org.testng.TestNG.runSuitesSequentially(TestNG.java:1212)
at org.testng.TestNG.runSuitesLocally(TestNG.java:1134)
at org.testng.TestNG.runSuites(TestNG.java:1063)
at org.testng.TestNG.run(TestNG.java:1031)
at org.testng.remote.AbstractRemoteTestNG.run(AbstractRemoteTestNG.java:115)
at org.testng.remote.RemoteTestNG.initAndRun(RemoteTestNG.java:251)
at org.testng.remote.RemoteTestNG.main(RemoteTestNG.java:77)
]]>
            </full-stacktrace>
          </exception> <!-- java.lang.AssertionError -->
          <reporter-output>
          </reporter-output>
        </test-method> <!-- TC_04_CreateLocation_as_Other_Operator_and_EVRates -->
        <test-method is-config="true" signature="getResult(org.testng.ITestResult)[pri:0, instance:testcases.Location_Management@132e0cc]" started-at="2022-08-16T10:20:43 IST" name="getResult" finished-at="2022-08-16T10:20:43 IST" duration-ms="175" status="PASS">
          <params>
            <param index="0">
              <value>
                <![CDATA[[TestResult name=TC_04_CreateLocation_as_Other_Operator_and_EVRates status=FAILURE method=Location_Management.TC_04_CreateLocation_as_Other_Operator_and_EVRates()[pri:0, instance:testcases.Location_Management@132e0cc] output={null}]]]>
              </value>
            </param>
          </params>
          <reporter-output>
          </reporter-output>
        </test-method> <!-- getResult -->
        <test-method is-config="true" signature="quitBrowser()[pri:0, instance:testcases.Location_Management@132e0cc]" started-at="2022-08-16T10:20:43 IST" name="quitBrowser" finished-at="2022-08-16T10:20:43 IST" duration-ms="139" status="PASS">
          <reporter-output>
          </reporter-output>
        </test-method> <!-- quitBrowser -->
        <test-method is-config="true" signature="endTest()[pri:0, instance:testcases.Location_Management@132e0cc]" started-at="2022-08-16T10:20:43 IST" name="endTest" finished-at="2022-08-16T10:20:43 IST" duration-ms="37" status="PASS">
          <reporter-output>
          </reporter-output>
        </test-method> <!-- endTest -->
        <test-method is-config="true" signature="launchBrowser(java.lang.reflect.Method)[pri:0, instance:testcases.Location_Management@132e0cc]" started-at="2022-08-16T10:20:43 IST" name="launchBrowser" finished-at="2022-08-16T10:20:45 IST" duration-ms="1803" status="PASS">
          <params>
            <param index="0">
              <value>
                <![CDATA[public void testcases.Location_Management.TC_05_ExportLocation_csv()]]>
              </value>
            </param>
          </params>
          <reporter-output>
          </reporter-output>
        </test-method> <!-- launchBrowser -->
        <test-method signature="TC_05_ExportLocation_csv()[pri:0, instance:testcases.Location_Management@132e0cc]" started-at="2022-08-16T10:20:45 IST" name="TC_05_ExportLocation_csv" finished-at="2022-08-16T10:21:01 IST" duration-ms="15488" status="PASS">
          <reporter-output>
          </reporter-output>
        </test-method> <!-- TC_05_ExportLocation_csv -->
        <test-method is-config="true" signature="getResult(org.testng.ITestResult)[pri:0, instance:testcases.Location_Management@132e0cc]" started-at="2022-08-16T10:21:01 IST" name="getResult" finished-at="2022-08-16T10:21:01 IST" duration-ms="1" status="PASS">
          <params>
            <param index="0">
              <value>
                <![CDATA[[TestResult name=TC_05_ExportLocation_csv status=SUCCESS method=Location_Management.TC_05_ExportLocation_csv()[pri:0, instance:testcases.Location_Management@132e0cc] output={null}]]]>
              </value>
            </param>
          </params>
          <reporter-output>
          </reporter-output>
        </test-method> <!-- getResult -->
        <test-method is-config="true" signature="quitBrowser()[pri:0, instance:testcases.Location_Management@132e0cc]" started-at="2022-08-16T10:21:01 IST" name="quitBrowser" finished-at="2022-08-16T10:21:01 IST" duration-ms="118" status="PASS">
          <reporter-output>
          </reporter-output>
        </test-method> <!-- quitBrowser -->
        <test-method is-config="true" signature="endTest()[pri:0, instance:testcases.Location_Management@132e0cc]" started-at="2022-08-16T10:21:01 IST" name="endTest" finished-at="2022-08-16T10:21:01 IST" duration-ms="22" status="PASS">
          <reporter-output>
          </reporter-output>
        </test-method> <!-- endTest -->
        <test-method is-config="true" signature="launchBrowser(java.lang.reflect.Method)[pri:0, instance:testcases.Location_Management@132e0cc]" started-at="2022-08-16T10:21:01 IST" name="launchBrowser" finished-at="2022-08-16T10:21:03 IST" duration-ms="1820" status="PASS">
          <params>
            <param index="0">
              <value>
                <![CDATA[public void testcases.Location_Management.TC_06_ExportLocation_xlsx()]]>
              </value>
            </param>
          </params>
          <reporter-output>
          </reporter-output>
        </test-method> <!-- launchBrowser -->
        <test-method signature="TC_06_ExportLocation_xlsx()[pri:0, instance:testcases.Location_Management@132e0cc]" started-at="2022-08-16T10:21:03 IST" name="TC_06_ExportLocation_xlsx" finished-at="2022-08-16T10:21:18 IST" duration-ms="15497" status="PASS">
          <reporter-output>
          </reporter-output>
        </test-method> <!-- TC_06_ExportLocation_xlsx -->
        <test-method is-config="true" signature="quitBrowser()[pri:0, instance:testcases.Location_Management@132e0cc]" started-at="2022-08-16T10:21:18 IST" name="quitBrowser" finished-at="2022-08-16T10:21:18 IST" duration-ms="140" status="PASS">
          <reporter-output>
          </reporter-output>
        </test-method> <!-- quitBrowser -->
        <test-method is-config="true" signature="getResult(org.testng.ITestResult)[pri:0, instance:testcases.Location_Management@132e0cc]" started-at="2022-08-16T10:21:18 IST" name="getResult" finished-at="2022-08-16T10:21:18 IST" duration-ms="0" status="PASS">
          <params>
            <param index="0">
              <value>
                <![CDATA[[TestResult name=TC_06_ExportLocation_xlsx status=SUCCESS method=Location_Management.TC_06_ExportLocation_xlsx()[pri:0, instance:testcases.Location_Management@132e0cc] output={null}]]]>
              </value>
            </param>
          </params>
          <reporter-output>
          </reporter-output>
        </test-method> <!-- getResult -->
        <test-method is-config="true" signature="endTest()[pri:0, instance:testcases.Location_Management@132e0cc]" started-at="2022-08-16T10:21:18 IST" name="endTest" finished-at="2022-08-16T10:21:18 IST" duration-ms="17" status="PASS">
          <reporter-output>
          </reporter-output>
        </test-method> <!-- endTest -->
        <test-method is-config="true" signature="launchBrowser(java.lang.reflect.Method)[pri:0, instance:testcases.Location_Management@132e0cc]" started-at="2022-08-16T10:21:18 IST" name="launchBrowser" finished-at="2022-08-16T10:21:20 IST" duration-ms="1815" status="PASS">
          <params>
            <param index="0">
              <value>
                <![CDATA[public void testcases.Location_Management.TC_07_ExportLocation_pdf()]]>
              </value>
            </param>
          </params>
          <reporter-output>
          </reporter-output>
        </test-method> <!-- launchBrowser -->
        <test-method signature="TC_07_ExportLocation_pdf()[pri:0, instance:testcases.Location_Management@132e0cc]" started-at="2022-08-16T10:21:20 IST" name="TC_07_ExportLocation_pdf" finished-at="2022-08-16T10:21:36 IST" duration-ms="15531" status="PASS">
          <reporter-output>
          </reporter-output>
        </test-method> <!-- TC_07_ExportLocation_pdf -->
        <test-method is-config="true" signature="getResult(org.testng.ITestResult)[pri:0, instance:testcases.Location_Management@132e0cc]" started-at="2022-08-16T10:21:36 IST" name="getResult" finished-at="2022-08-16T10:21:36 IST" duration-ms="1" status="PASS">
          <params>
            <param index="0">
              <value>
                <![CDATA[[TestResult name=TC_07_ExportLocation_pdf status=SUCCESS method=Location_Management.TC_07_ExportLocation_pdf()[pri:0, instance:testcases.Location_Management@132e0cc] output={null}]]]>
              </value>
            </param>
          </params>
          <reporter-output>
          </reporter-output>
        </test-method> <!-- getResult -->
        <test-method is-config="true" signature="quitBrowser()[pri:0, instance:testcases.Location_Management@132e0cc]" started-at="2022-08-16T10:21:36 IST" name="quitBrowser" finished-at="2022-08-16T10:21:36 IST" duration-ms="117" status="PASS">
          <reporter-output>
          </reporter-output>
        </test-method> <!-- quitBrowser -->
        <test-method is-config="true" signature="endTest()[pri:0, instance:testcases.Location_Management@132e0cc]" started-at="2022-08-16T10:21:36 IST" name="endTest" finished-at="2022-08-16T10:21:36 IST" duration-ms="29" status="PASS">
          <reporter-output>
          </reporter-output>
        </test-method> <!-- endTest -->
        <test-method is-config="true" signature="launchBrowser(java.lang.reflect.Method)[pri:0, instance:testcases.Location_Management@132e0cc]" started-at="2022-08-16T10:21:36 IST" name="launchBrowser" finished-at="2022-08-16T10:21:38 IST" duration-ms="1819" status="PASS">
          <params>
            <param index="0">
              <value>
                <![CDATA[public void testcases.Location_Management.TC_08_ExportLocation_txt()]]>
              </value>
            </param>
          </params>
          <reporter-output>
          </reporter-output>
        </test-method> <!-- launchBrowser -->
        <test-method signature="TC_08_ExportLocation_txt()[pri:0, instance:testcases.Location_Management@132e0cc]" started-at="2022-08-16T10:21:38 IST" name="TC_08_ExportLocation_txt" finished-at="2022-08-16T10:21:53 IST" duration-ms="15567" status="PASS">
          <reporter-output>
          </reporter-output>
        </test-method> <!-- TC_08_ExportLocation_txt -->
        <test-method is-config="true" signature="quitBrowser()[pri:0, instance:testcases.Location_Management@132e0cc]" started-at="2022-08-16T10:21:53 IST" name="quitBrowser" finished-at="2022-08-16T10:21:53 IST" duration-ms="119" status="PASS">
          <reporter-output>
          </reporter-output>
        </test-method> <!-- quitBrowser -->
        <test-method is-config="true" signature="getResult(org.testng.ITestResult)[pri:0, instance:testcases.Location_Management@132e0cc]" started-at="2022-08-16T10:21:53 IST" name="getResult" finished-at="2022-08-16T10:21:53 IST" duration-ms="0" status="PASS">
          <params>
            <param index="0">
              <value>
                <![CDATA[[TestResult name=TC_08_ExportLocation_txt status=SUCCESS method=Location_Management.TC_08_ExportLocation_txt()[pri:0, instance:testcases.Location_Management@132e0cc] output={null}]]]>
              </value>
            </param>
          </params>
          <reporter-output>
          </reporter-output>
        </test-method> <!-- getResult -->
        <test-method is-config="true" signature="endTest()[pri:0, instance:testcases.Location_Management@132e0cc]" started-at="2022-08-16T10:21:53 IST" name="endTest" finished-at="2022-08-16T10:21:53 IST" duration-ms="26" status="PASS">
          <reporter-output>
          </reporter-output>
        </test-method> <!-- endTest -->
      </class> <!-- testcases.Location_Management -->
    </test> <!-- Default test -->
  </suite> <!-- Default suite -->
</testng-results>
